<?xml version="1.0" encoding="UTF-8"?>
<testng-results skipped="0" failed="1" total="9" passed="8">
  <reporter-output>
  </reporter-output>
  <suite name="testproj" duration-ms="89" started-at="2019-11-23T10:34:28Z" finished-at="2019-11-23T10:34:28Z">
    <groups>
    </groups>
    <test name="smoke" duration-ms="89" started-at="2019-11-23T10:34:28Z" finished-at="2019-11-23T10:34:28Z">
      <class name="com.sadie.JudgeTrangleTest">
        <test-method status="PASS" signature="testAngleFunc()[pri:0, instance:com.sadie.JudgeTrangleTest@58ceff1]" name="testAngleFunc" duration-ms="43" started-at="2019-11-23T18:34:28Z" finished-at="2019-11-23T18:34:28Z">
          <reporter-output>
          </reporter-output>
        </test-method> <!-- testAngleFunc -->
        <test-method status="PASS" signature="testFunction()[pri:0, instance:com.sadie.JudgeTrangleTest@58ceff1]" name="testFunction" duration-ms="2" started-at="2019-11-23T18:34:28Z" finished-at="2019-11-23T18:34:28Z">
          <reporter-output>
          </reporter-output>
        </test-method> <!-- testFunction -->
      </class> <!-- com.sadie.JudgeTrangleTest -->
      <class name="com.util.MySumOfSquaresTest">
        <test-method status="PASS" signature="testClear()[pri:0, instance:com.util.MySumOfSquaresTest@30c7da1e]" name="testClear" duration-ms="0" started-at="2019-11-23T18:34:28Z" finished-at="2019-11-23T18:34:28Z">
          <reporter-output>
          </reporter-output>
        </test-method> <!-- testClear -->
        <test-method status="PASS" signature="testCopyForSourceDest()[pri:0, instance:com.util.MySumOfSquaresTest@30c7da1e]" name="testCopyForSourceDest" duration-ms="0" started-at="2019-11-23T18:34:28Z" finished-at="2019-11-23T18:34:28Z">
          <reporter-output>
          </reporter-output>
        </test-method> <!-- testCopyForSourceDest -->
        <test-method status="PASS" signature="testCopy()[pri:0, instance:com.util.MySumOfSquaresTest@30c7da1e]" name="testCopy" duration-ms="0" started-at="2019-11-23T18:34:28Z" finished-at="2019-11-23T18:34:28Z">
          <reporter-output>
          </reporter-output>
        </test-method> <!-- testCopy -->
        <test-method status="FAIL" signature="testEvaluate()[pri:0, instance:com.util.MySumOfSquaresTest@30c7da1e]" name="testEvaluate" duration-ms="1" started-at="2019-11-23T18:34:28Z" finished-at="2019-11-23T18:34:28Z">
          <exception class="java.lang.AssertionError">
            <message>
              <![CDATA[expected [37.0] but found [38.0]]]>
            </message>
            <full-stacktrace>
              <![CDATA[java.lang.AssertionError: expected [37.0] but found [38.0]
	at org.testng.Assert.fail(Assert.java:94)
	at org.testng.Assert.failNotEquals(Assert.java:494)
	at org.testng.Assert.assertEquals(Assert.java:207)
	at org.testng.Assert.assertEquals(Assert.java:220)
	at com.util.MySumOfSquaresTest.testEvaluate(MySumOfSquaresTest.java:81)
	at sun.reflect.NativeMethodAccessorImpl.invoke0(Native Method)
	at sun.reflect.NativeMethodAccessorImpl.invoke(NativeMethodAccessorImpl.java:62)
	at sun.reflect.DelegatingMethodAccessorImpl.invoke(DelegatingMethodAccessorImpl.java:43)
	at java.lang.reflect.Method.invoke(Method.java:498)
	at org.testng.internal.MethodInvocationHelper.invokeMethod(MethodInvocationHelper.java:80)
	at org.testng.internal.Invoker.invokeMethod(Invoker.java:714)
	at org.testng.internal.Invoker.invokeTestMethod(Invoker.java:901)
	at org.testng.internal.Invoker.invokeTestMethods(Invoker.java:1231)
	at org.testng.internal.TestMethodWorker.invokeTestMethods(TestMethodWorker.java:127)
	at org.testng.internal.TestMethodWorker.run(TestMethodWorker.java:111)
	at org.testng.TestRunner.privateRun(TestRunner.java:767)
	at org.testng.TestRunner.run(TestRunner.java:617)
	at org.testng.SuiteRunner.runTest(SuiteRunner.java:334)
	at org.testng.SuiteRunner.runSequentially(SuiteRunner.java:329)
	at org.testng.SuiteRunner.privateRun(SuiteRunner.java:291)
	at org.testng.SuiteRunner.run(SuiteRunner.java:240)
	at org.testng.SuiteRunnerWorker.runSuite(SuiteRunnerWorker.java:52)
	at org.testng.SuiteRunnerWorker.run(SuiteRunnerWorker.java:86)
	at org.testng.TestNG.runSuitesSequentially(TestNG.java:1198)
	at org.testng.TestNG.runSuitesLocally(TestNG.java:1123)
	at org.testng.TestNG.run(TestNG.java:1031)
	at org.apache.maven.surefire.testng.TestNGExecutor.run(TestNGExecutor.java:283)
	at org.apache.maven.surefire.testng.TestNGXmlTestSuite.execute(TestNGXmlTestSuite.java:75)
	at org.apache.maven.surefire.testng.TestNGProvider.invoke(TestNGProvider.java:120)
	at org.apache.maven.surefire.booter.ForkedBooter.invokeProviderInSameClassLoader(ForkedBooter.java:384)
	at org.apache.maven.surefire.booter.ForkedBooter.runSuitesInProcess(ForkedBooter.java:345)
	at org.apache.maven.surefire.booter.ForkedBooter.execute(ForkedBooter.java:126)
	at org.apache.maven.surefire.booter.ForkedBooter.main(ForkedBooter.java:418)
]]>
            </full-stacktrace>
          </exception> <!-- java.lang.AssertionError -->
          <reporter-output>
          </reporter-output>
        </test-method> <!-- testEvaluate -->
        <test-method status="PASS" signature="testGetN()[pri:0, instance:com.util.MySumOfSquaresTest@30c7da1e]" name="testGetN" duration-ms="1" started-at="2019-11-23T18:34:28Z" finished-at="2019-11-23T18:34:28Z">
          <reporter-output>
          </reporter-output>
        </test-method> <!-- testGetN -->
        <test-method status="PASS" signature="testGetResult()[pri:0, instance:com.util.MySumOfSquaresTest@30c7da1e]" name="testGetResult" duration-ms="0" started-at="2019-11-23T18:34:28Z" finished-at="2019-11-23T18:34:28Z">
          <reporter-output>
          </reporter-output>
        </test-method> <!-- testGetResult -->
        <test-method status="PASS" signature="testIncrement()[pri:0, instance:com.util.MySumOfSquaresTest@30c7da1e]" name="testIncrement" duration-ms="0" started-at="2019-11-23T18:34:28Z" finished-at="2019-11-23T18:34:28Z">
          <reporter-output>
          </reporter-output>
        </test-method> <!-- testIncrement -->
      </class> <!-- com.util.MySumOfSquaresTest -->
    </test> <!-- smoke -->
  </suite> <!-- testproj -->
</testng-results>
